<?xml version="1.0" encoding="UTF-8"?>
<!-- Generated by org.testng.reporters.JUnitXMLReporter -->
<testsuite ignored="0" hostname="ORACLEO-8A27KUV" failures="0" tests="6" name="TestReport" time="120.853" errors="0" timestamp="2024-12-11T14:17:03 IST">
  <testcase classname="testng.test.Anotation1" name="timeLink" time="6.312"/>
  <testcase classname="testng.test.Anotation1" name="pimLink" time="6.653"/>
  <testcase classname="testng.test.Anotation1" name="leaveLink" time="5.615"/>
  <testcase classname="testng.test.Anotation2" name="leaveLink" time="6.475"/>
  <testcase classname="testng.test.Anotation2" name="pimLink" time="7.543"/>
  <testcase classname="testng.test.Anotation2" name="timeLink" time="6.545"/>
</testsuite> <!-- TestReport -->
