<?xml version="1.0" encoding="UTF-8"?>
<testng-results ignored="0" total="2" passed="2" failed="0" skipped="0">
  <reporter-output>
  </reporter-output>
  <suite started-at="2024-12-12T17:30:26 IST" name="Default suite" finished-at="2024-12-12T17:30:51 IST" duration-ms="24582">
    <groups>
    </groups>
    <test started-at="2024-12-12T17:30:26 IST" name="Default test" finished-at="2024-12-12T17:30:51 IST" duration-ms="24582">
      <class name="testng.test.TestNGInvocationC">
        <test-method signature="verifyLoginLogout()[pri:0, instance:testng.test.TestNGInvocationC@3f4faf53]" started-at="2024-12-12T17:30:26 IST" name="verifyLoginLogout" finished-at="2024-12-12T17:30:40 IST" duration-ms="13459" status="PASS">
          <reporter-output>
          </reporter-output>
        </test-method> <!-- verifyLoginLogout -->
        <test-method signature="verifyLoginLogout()[pri:0, instance:testng.test.TestNGInvocationC@3f4faf53]" started-at="2024-12-12T17:30:40 IST" name="verifyLoginLogout" finished-at="2024-12-12T17:30:51 IST" duration-ms="11093" status="PASS">
          <reporter-output>
          </reporter-output>
        </test-method> <!-- verifyLoginLogout -->
      </class> <!-- testng.test.TestNGInvocationC -->
    </test> <!-- Default test -->
  </suite> <!-- Default suite -->
</testng-results>
