<?xml version="1.0" encoding="UTF-8"?>
<!-- Generated by org.testng.reporters.JUnitXMLReporter -->
<testsuite ignored="0" hostname="ORACLEO-8A27KUV" failures="0" tests="14" name="Report2" time="192.697" errors="0" timestamp="2024-12-11T14:25:36 IST">
  <testcase classname="testng.test.Demotestng" name="compose" time="0.005"/>
  <testcase classname="testng.test.Demotestng" name="login" time="0.002"/>
  <testcase classname="testng.test.Demotestng" name="reply" time="0.002"/>
  <testcase classname="testng.test.Anotation1" name="timeLink" time="6.455"/>
  <testcase classname="testng.test.Anotation1" name="pimLink" time="6.623"/>
  <testcase classname="testng.test.Anotation1" name="leaveLink" time="6.192"/>
  <testcase classname="testng.test.TestNGInvocationC" name="verifyLoginLogout" time="39.766"/>
  <testcase classname="testng.test.Anotation2" name="leaveLink" time="6.541"/>
  <testcase classname="testng.test.TestNGInvocationC" name="verifyLoginLogout" time="13.641"/>
  <testcase classname="testng.test.Anotation2" name="pimLink" time="6.694"/>
  <testcase classname="testng.test.GroupDependsTest" name="javaFun" time="84.662"/>
  <testcase classname="testng.test.Anotation2" name="timeLink" time="6.282"/>
  <testcase classname="testng.test.GroupDependsTest" name="javaScriptFun" time="23.517"/>
  <testcase classname="testng.test.GroupDependsTest" name="SQLFun" time="24.567"/>
</testsuite> <!-- Report2 -->
